app/build/intermediates/manifest_merge_blame_file/am_sangntnDebug/manifest-merger-blame-am_sangntn-debug-report.txt
1<?xml version="1.0" encoding="utf-8"?>
2<manifest xmlns:android="http://schemas.android.com/apk/res/android"
3    package="com.example.sangntn"
4    android:versionCode="1"
5    android:versionName="1.0" >
6
7    <uses-sdk
8        android:minSdkVersion="21"
9        android:targetSdkVersion="33" />
10
11    <uses-permission android:name="android.permission.POST_NOTIFICATIONS." />
11-->src/am_sangntn/AndroidManifest.xml:4:5-77
11-->src/am_sangntn/AndroidManifest.xml:4:22-75
12    <uses-permission android:name="android.permission.INTERNET" />
12-->src/am_sangntn/AndroidManifest.xml:5:5-67
12-->src/am_sangntn/AndroidManifest.xml:5:22-64
13    <uses-permission android:name="android.permission.READ_MEDIA_IMAGES" />
13-->src/am_sangntn/AndroidManifest.xml:6:5-76
13-->src/am_sangntn/AndroidManifest.xml:6:22-73
14
15    <application
15-->src/main/AndroidManifest.xml:4:5-20:19
16        android:allowBackup="true"
16-->src/main/AndroidManifest.xml:5:9-35
17        android:appComponentFactory="androidx.core.app.CoreComponentFactory"
17-->[androidx.core:core:1.3.1] AndroidManifest.xml:24:18-86
18        android:debuggable="true"
19        android:icon="@mipmap/ic_launcher"
19-->src/main/AndroidManifest.xml:6:9-43
20        android:label="@string/app_name"
20-->src/main/AndroidManifest.xml:7:9-41
21        android:requestLegacyExternalStorage="true"
21-->src/am_sangntn/AndroidManifest.xml:12:9-52
22        android:roundIcon="@mipmap/ic_launcher_round"
22-->src/main/AndroidManifest.xml:8:9-54
23        android:supportsRtl="true"
23-->src/main/AndroidManifest.xml:9:9-35
24        android:testOnly="true"
25        android:theme="@style/AppTheme" >
25-->src/main/AndroidManifest.xml:10:9-40
26        <activity
26-->src/am_sangntn/AndroidManifest.xml:18:9-25:20
27            android:name="com.example.asian.MainActivity"
27-->src/am_sangntn/AndroidManifest.xml:19:13-41
28            android:exported="true" >
28-->src/am_sangntn/AndroidManifest.xml:20:13-36
29            <intent-filter>
29-->src/main/AndroidManifest.xml:15:13-18:29
30                <action android:name="android.intent.action.MAIN" />
30-->src/main/AndroidManifest.xml:16:17-69
30-->src/main/AndroidManifest.xml:16:25-66
31
32                <category android:name="android.intent.category.LAUNCHER" />
32-->src/main/AndroidManifest.xml:17:17-77
32-->src/main/AndroidManifest.xml:17:27-74
33            </intent-filter>
34        </activity>
35        <activity
35-->src/main/AndroidManifest.xml:12:9-19:20
36            android:name="com.example.asian.MainViewActivity"
36-->src/main/AndroidManifest.xml:13:13-45
37            android:exported="true" >
37-->src/main/AndroidManifest.xml:14:13-36
38            <intent-filter>
38-->src/main/AndroidManifest.xml:15:13-18:29
39                <action android:name="android.intent.action.MAIN" />
39-->src/main/AndroidManifest.xml:16:17-69
39-->src/main/AndroidManifest.xml:16:25-66
40
41                <category android:name="android.intent.category.LAUNCHER" />
41-->src/main/AndroidManifest.xml:17:17-77
41-->src/main/AndroidManifest.xml:17:27-74
42            </intent-filter>
43        </activity>
44    </application>
45
46</manifest>